<?xml version="1.0" encoding="UTF-8"?>
<!-- Generated by org.testng.reporters.JUnitReportReporter -->
<testsuite hostname="DESKTOP-B5Q61KA" failures="0" tests="3" name="Anywhere.Testng_allLinks" time="28.066" errors="0" timestamp="2024-06-15T21:06:16 IST" skipped="0">
  <testcase classname="Anywhere.Testng_allLinks" name="verifyProductsLinkNavigation" time="12.378"/>
  <system-out/>
  <testcase classname="Anywhere.Testng_allLinks" name="verifySolutionsLinkNavigation" time="9.451"/>
  <system-out/>
  <testcase classname="Anywhere.Testng_allLinks" name="verifyResourcesLinkNavigation" time="6.237"/>
  <system-out/>
</testsuite> <!-- Anywhere.Testng_allLinks -->
