<?xml version="1.0" encoding="UTF-8"?>
<!-- Generated by org.testng.reporters.JUnitReportReporter -->
<testsuite hostname="DESKTOP-B5Q61KA" failures="0" tests="1" name="pack.Pack1" time="3.664" errors="0" timestamp="2024-03-20T16:08:53 IST" skipped="0">
  <testcase classname="pack.Pack1" name="pack" time="3.664"/>
  <system-out/>
</testsuite> <!-- pack.Pack1 -->
