<?xml version="1.0" encoding="UTF-8"?>
<!-- Generated by org.testng.reporters.JUnitReportReporter -->
<testsuite hostname="DESKTOP-B5Q61KA" failures="0" tests="2" name="Anywhere.Testng" time="0.289" errors="0" timestamp="2024-06-15T20:32:39 IST" skipped="0">
  <testcase classname="Anywhere.Testng" name="Testng1" time="0.210"/>
  <system-out/>
  <testcase classname="Anywhere.Testng" name="Testng" time="0.079"/>
  <system-out/>
</testsuite> <!-- Anywhere.Testng -->
